[debug] [2025-09-03T21:10:39.481Z] ----------------------------------------------------------------------
[debug] [2025-09-03T21:10:39.484Z] Command:       C:\Program Files\nodejs\node.exe C:\Users\diego\AppData\Roaming\npm\node_modules\firebase-tools\lib\bin\firebase.js init
[debug] [2025-09-03T21:10:39.485Z] CLI Version:   14.15.1
[debug] [2025-09-03T21:10:39.485Z] Platform:      win32
[debug] [2025-09-03T21:10:39.485Z] Node Version:  v22.15.0
[debug] [2025-09-03T21:10:39.485Z] Time:          Wed Sep 03 2025 23:10:39 GMT+0200 (hora de verano de Europa central)
[debug] [2025-09-03T21:10:39.485Z] ----------------------------------------------------------------------
[debug] 
[debug] [2025-09-03T21:10:39.491Z] > command requires scopes: ["email","openid","https://www.googleapis.com/auth/cloudplatformprojects.readonly","https://www.googleapis.com/auth/firebase","https://www.googleapis.com/auth/cloud-platform"]
[debug] [2025-09-03T21:10:39.492Z] > authorizing via signed-in user (diegoalberto.moya@murciaeduca.es)
[info] 
     ######## #### ########  ######## ########     ###     ######  ########
     ##        ##  ##     ## ##       ##     ##  ##   ##  ##       ##
     ######    ##  ########  ######   ########  #########  ######  ######
     ##        ##  ##    ##  ##       ##     ## ##     ##       ## ##
     ##       #### ##     ## ######## ########  ##     ##  ######  ########

You're about to initialize a Firebase project in this directory:

  C:\Users\diego\Desktop\APLICACIONES\organizacion colegio

[info] 
=== Project Setup
[info] 
[info] First, let's associate this project directory with a Firebase project.
[info] You can create multiple project aliases by running firebase use --add, 
[info] but for now we'll just set up a default project.
[info] 
[debug] [2025-09-03T21:16:25.868Z] Checked if tokens are valid: false, expires at: 1756918859046
[debug] [2025-09-03T21:16:25.869Z] Checked if tokens are valid: false, expires at: 1756918859046
[debug] [2025-09-03T21:16:25.869Z] > refreshing access token with scopes: []
[debug] [2025-09-03T21:16:25.871Z] >>> [apiv2][query] POST https://www.googleapis.com/oauth2/v3/token [none]
[debug] [2025-09-03T21:16:25.871Z] >>> [apiv2][body] POST https://www.googleapis.com/oauth2/v3/token [omitted]
[debug] [2025-09-03T21:16:26.073Z] <<< [apiv2][status] POST https://www.googleapis.com/oauth2/v3/token 200
[debug] [2025-09-03T21:16:26.073Z] <<< [apiv2][body] POST https://www.googleapis.com/oauth2/v3/token [omitted]
[debug] [2025-09-03T21:16:26.087Z] >>> [apiv2][query] GET https://firebase.googleapis.com/v1beta1/projects pageSize=100
[debug] [2025-09-03T21:16:26.548Z] <<< [apiv2][status] GET https://firebase.googleapis.com/v1beta1/projects 200
[debug] [2025-09-03T21:16:26.548Z] <<< [apiv2][body] GET https://firebase.googleapis.com/v1beta1/projects [omitted]
[info] i  Using project organizacioncentro-d3cd7 (ORGANIZACIONCENTRO) 
[info] 
=== Dataconnect Setup
[debug] [2025-09-03T21:16:31.943Z] Checked if tokens are valid: true, expires at: 1756937785074
[debug] [2025-09-03T21:16:31.943Z] Checked if tokens are valid: true, expires at: 1756937785074
[debug] [2025-09-03T21:16:31.943Z] >>> [apiv2][query] GET https://cloudbilling.googleapis.com/v1/projects/organizacioncentro-d3cd7/billingInfo [none]
[debug] [2025-09-03T21:16:32.673Z] <<< [apiv2][status] GET https://cloudbilling.googleapis.com/v1/projects/organizacioncentro-d3cd7/billingInfo 200
[debug] [2025-09-03T21:16:32.673Z] <<< [apiv2][body] GET https://cloudbilling.googleapis.com/v1/projects/organizacioncentro-d3cd7/billingInfo {"name":"projects/organizacioncentro-d3cd7/billingInfo","projectId":"organizacioncentro-d3cd7","billingAccountName":"","billingEnabled":false}
[info] i  dataconnect: ensuring required API firebasedataconnect.googleapis.com is enabled... 
[debug] [2025-09-03T21:16:32.675Z] Checked if tokens are valid: true, expires at: 1756937785074
[debug] [2025-09-03T21:16:32.675Z] Checked if tokens are valid: true, expires at: 1756937785074
[info] i  dataconnect: ensuring required API sqladmin.googleapis.com is enabled... 
[debug] [2025-09-03T21:16:32.676Z] Checked if tokens are valid: true, expires at: 1756937785074
[debug] [2025-09-03T21:16:32.676Z] Checked if tokens are valid: true, expires at: 1756937785074
[debug] [2025-09-03T21:16:32.676Z] >>> [apiv2][query] GET https://serviceusage.googleapis.com/v1/projects/organizacioncentro-d3cd7/services/firebasedataconnect.googleapis.com [none]
[debug] [2025-09-03T21:16:32.676Z] >>> [apiv2][(partial)header] GET https://serviceusage.googleapis.com/v1/projects/organizacioncentro-d3cd7/services/firebasedataconnect.googleapis.com x-goog-quota-user=projects/organizacioncentro-d3cd7
[debug] [2025-09-03T21:16:32.678Z] >>> [apiv2][query] GET https://serviceusage.googleapis.com/v1/projects/organizacioncentro-d3cd7/services/sqladmin.googleapis.com [none]
[debug] [2025-09-03T21:16:32.678Z] >>> [apiv2][(partial)header] GET https://serviceusage.googleapis.com/v1/projects/organizacioncentro-d3cd7/services/sqladmin.googleapis.com x-goog-quota-user=projects/organizacioncentro-d3cd7
[debug] [2025-09-03T21:16:33.569Z] <<< [apiv2][status] GET https://serviceusage.googleapis.com/v1/projects/organizacioncentro-d3cd7/services/sqladmin.googleapis.com 200
[debug] [2025-09-03T21:16:33.569Z] <<< [apiv2][body] GET https://serviceusage.googleapis.com/v1/projects/organizacioncentro-d3cd7/services/sqladmin.googleapis.com [omitted]
[warn] !  dataconnect: missing required API sqladmin.googleapis.com. Enabling now... 
[debug] [2025-09-03T21:16:33.570Z] Checked if tokens are valid: true, expires at: 1756937785074
[debug] [2025-09-03T21:16:33.570Z] Checked if tokens are valid: true, expires at: 1756937785074
[debug] [2025-09-03T21:16:33.570Z] >>> [apiv2][query] POST https://serviceusage.googleapis.com/v1/projects/organizacioncentro-d3cd7/services/sqladmin.googleapis.com:enable [none]
[debug] [2025-09-03T21:16:33.570Z] >>> [apiv2][(partial)header] POST https://serviceusage.googleapis.com/v1/projects/organizacioncentro-d3cd7/services/sqladmin.googleapis.com:enable x-goog-quota-user=projects/organizacioncentro-d3cd7
[debug] [2025-09-03T21:16:33.574Z] <<< [apiv2][status] GET https://serviceusage.googleapis.com/v1/projects/organizacioncentro-d3cd7/services/firebasedataconnect.googleapis.com 200
[debug] [2025-09-03T21:16:33.574Z] <<< [apiv2][body] GET https://serviceusage.googleapis.com/v1/projects/organizacioncentro-d3cd7/services/firebasedataconnect.googleapis.com [omitted]
[warn] !  dataconnect: missing required API firebasedataconnect.googleapis.com. Enabling now... 
[debug] [2025-09-03T21:16:33.574Z] Checked if tokens are valid: true, expires at: 1756937785074
[debug] [2025-09-03T21:16:33.574Z] Checked if tokens are valid: true, expires at: 1756937785074
[debug] [2025-09-03T21:16:33.574Z] >>> [apiv2][query] POST https://serviceusage.googleapis.com/v1/projects/organizacioncentro-d3cd7/services/firebasedataconnect.googleapis.com:enable [none]
[debug] [2025-09-03T21:16:33.574Z] >>> [apiv2][(partial)header] POST https://serviceusage.googleapis.com/v1/projects/organizacioncentro-d3cd7/services/firebasedataconnect.googleapis.com:enable x-goog-quota-user=projects/organizacioncentro-d3cd7
[debug] [2025-09-03T21:16:34.799Z] <<< [apiv2][status] POST https://serviceusage.googleapis.com/v1/projects/organizacioncentro-d3cd7/services/sqladmin.googleapis.com:enable 200
[debug] [2025-09-03T21:16:34.799Z] <<< [apiv2][body] POST https://serviceusage.googleapis.com/v1/projects/organizacioncentro-d3cd7/services/sqladmin.googleapis.com:enable [omitted]
[debug] [2025-09-03T21:16:34.969Z] <<< [apiv2][status] POST https://serviceusage.googleapis.com/v1/projects/organizacioncentro-d3cd7/services/firebasedataconnect.googleapis.com:enable 200
[debug] [2025-09-03T21:16:34.969Z] <<< [apiv2][body] POST https://serviceusage.googleapis.com/v1/projects/organizacioncentro-d3cd7/services/firebasedataconnect.googleapis.com:enable [omitted]
[debug] [2025-09-03T21:16:44.983Z] Checked if tokens are valid: true, expires at: 1756937785074
[debug] [2025-09-03T21:16:44.983Z] Checked if tokens are valid: true, expires at: 1756937785074
[debug] [2025-09-03T21:16:44.983Z] >>> [apiv2][query] GET https://firebasedataconnect.googleapis.com/v1/projects/organizacioncentro-d3cd7/locations/-/services [none]
[debug] [2025-09-03T21:16:46.079Z] <<< [apiv2][status] GET https://firebasedataconnect.googleapis.com/v1/projects/organizacioncentro-d3cd7/locations/-/services 200
[debug] [2025-09-03T21:16:46.079Z] <<< [apiv2][body] GET https://firebasedataconnect.googleapis.com/v1/projects/organizacioncentro-d3cd7/locations/-/services {}
[info] i  dataconnect: ensuring required API cloudaicompanion.googleapis.com is enabled... 
[debug] [2025-09-03T21:17:15.427Z] Checked if tokens are valid: true, expires at: 1756937785074
[debug] [2025-09-03T21:17:15.427Z] Checked if tokens are valid: true, expires at: 1756937785074
[debug] [2025-09-03T21:17:15.427Z] >>> [apiv2][query] GET https://serviceusage.googleapis.com/v1/projects/organizacioncentro-d3cd7/services/cloudaicompanion.googleapis.com [none]
[debug] [2025-09-03T21:17:15.428Z] >>> [apiv2][(partial)header] GET https://serviceusage.googleapis.com/v1/projects/organizacioncentro-d3cd7/services/cloudaicompanion.googleapis.com x-goog-quota-user=projects/organizacioncentro-d3cd7
[debug] [2025-09-03T21:17:16.317Z] <<< [apiv2][status] GET https://serviceusage.googleapis.com/v1/projects/organizacioncentro-d3cd7/services/cloudaicompanion.googleapis.com 200
[debug] [2025-09-03T21:17:16.317Z] <<< [apiv2][body] GET https://serviceusage.googleapis.com/v1/projects/organizacioncentro-d3cd7/services/cloudaicompanion.googleapis.com [omitted]
[warn] !  dataconnect: missing required API cloudaicompanion.googleapis.com. Enabling now... 
[debug] [2025-09-03T21:17:16.317Z] Checked if tokens are valid: true, expires at: 1756937785074
[debug] [2025-09-03T21:17:16.318Z] Checked if tokens are valid: true, expires at: 1756937785074
[debug] [2025-09-03T21:17:16.318Z] >>> [apiv2][query] POST https://serviceusage.googleapis.com/v1/projects/organizacioncentro-d3cd7/services/cloudaicompanion.googleapis.com:enable [none]
[debug] [2025-09-03T21:17:16.318Z] >>> [apiv2][(partial)header] POST https://serviceusage.googleapis.com/v1/projects/organizacioncentro-d3cd7/services/cloudaicompanion.googleapis.com:enable x-goog-quota-user=projects/organizacioncentro-d3cd7
[debug] [2025-09-03T21:17:17.419Z] <<< [apiv2][status] POST https://serviceusage.googleapis.com/v1/projects/organizacioncentro-d3cd7/services/cloudaicompanion.googleapis.com:enable 200
[debug] [2025-09-03T21:17:17.420Z] <<< [apiv2][body] POST https://serviceusage.googleapis.com/v1/projects/organizacioncentro-d3cd7/services/cloudaicompanion.googleapis.com:enable [omitted]
[warn] !  dataconnect: No app exists in the current directory. 
[debug] [2025-09-03T21:18:15.579Z] Checked if tokens are valid: true, expires at: 1756937785074
[debug] [2025-09-03T21:18:15.579Z] Checked if tokens are valid: true, expires at: 1756937785074
[debug] [2025-09-03T21:18:15.579Z] >>> [apiv2][query] POST https://firebasedataconnect.googleapis.com/v1/projects/organizacioncentro-d3cd7/locations/us-central1/services service_id=organizacioncolegio
[debug] [2025-09-03T21:18:15.579Z] >>> [apiv2][body] POST https://firebasedataconnect.googleapis.com/v1/projects/organizacioncentro-d3cd7/locations/us-central1/services {"name":"projects/organizacioncentro-d3cd7/locations/us-central1/services/organizacioncolegio"}
[debug] [2025-09-03T21:18:17.217Z] <<< [apiv2][status] POST https://firebasedataconnect.googleapis.com/v1/projects/organizacioncentro-d3cd7/locations/us-central1/services 200
[debug] [2025-09-03T21:18:17.217Z] <<< [apiv2][body] POST https://firebasedataconnect.googleapis.com/v1/projects/organizacioncentro-d3cd7/locations/us-central1/services {"name":"projects/organizacioncentro-d3cd7/locations/us-central1/operations/operation-1756934295829-63dec2498bcbf-11bfa005-c08612e6","metadata":{"@type":"type.googleapis.com/google.firebase.dataconnect.v1.OperationMetadata","createTime":"2025-09-03T21:18:16.695101239Z","target":"projects/organizacioncentro-d3cd7/locations/us-central1/services/organizacioncolegio","verb":"create","requestedCancellation":false,"apiVersion":"v1"},"done":false}
[debug] [2025-09-03T21:18:17.218Z] Checked if tokens are valid: true, expires at: 1756937785074
[debug] [2025-09-03T21:18:17.218Z] Checked if tokens are valid: true, expires at: 1756937785074
[debug] [2025-09-03T21:18:17.218Z] >>> [apiv2][query] GET https://firebasedataconnect.googleapis.com/v1/projects/organizacioncentro-d3cd7/locations/us-central1/operations/operation-1756934295829-63dec2498bcbf-11bfa005-c08612e6 [none]
[debug] [2025-09-03T21:18:17.414Z] <<< [apiv2][status] GET https://firebasedataconnect.googleapis.com/v1/projects/organizacioncentro-d3cd7/locations/us-central1/operations/operation-1756934295829-63dec2498bcbf-11bfa005-c08612e6 200
[debug] [2025-09-03T21:18:17.414Z] <<< [apiv2][body] GET https://firebasedataconnect.googleapis.com/v1/projects/organizacioncentro-d3cd7/locations/us-central1/operations/operation-1756934295829-63dec2498bcbf-11bfa005-c08612e6 {"name":"projects/organizacioncentro-d3cd7/locations/us-central1/operations/operation-1756934295829-63dec2498bcbf-11bfa005-c08612e6","metadata":{"@type":"type.googleapis.com/google.firebase.dataconnect.v1.OperationMetadata","createTime":"2025-09-03T21:18:16.695101239Z","target":"projects/organizacioncentro-d3cd7/locations/us-central1/services/organizacioncolegio","verb":"create","requestedCancellation":false,"apiVersion":"v1"},"done":false}
[debug] [2025-09-03T21:18:17.922Z] [LRO Poller] Retrying task index 0
[debug] [2025-09-03T21:18:17.923Z] Checked if tokens are valid: true, expires at: 1756937785074
[debug] [2025-09-03T21:18:17.923Z] Checked if tokens are valid: true, expires at: 1756937785074
[debug] [2025-09-03T21:18:17.923Z] >>> [apiv2][query] GET https://firebasedataconnect.googleapis.com/v1/projects/organizacioncentro-d3cd7/locations/us-central1/operations/operation-1756934295829-63dec2498bcbf-11bfa005-c08612e6 [none]
[debug] [2025-09-03T21:18:18.110Z] <<< [apiv2][status] GET https://firebasedataconnect.googleapis.com/v1/projects/organizacioncentro-d3cd7/locations/us-central1/operations/operation-1756934295829-63dec2498bcbf-11bfa005-c08612e6 200
[debug] [2025-09-03T21:18:18.110Z] <<< [apiv2][body] GET https://firebasedataconnect.googleapis.com/v1/projects/organizacioncentro-d3cd7/locations/us-central1/operations/operation-1756934295829-63dec2498bcbf-11bfa005-c08612e6 {"name":"projects/organizacioncentro-d3cd7/locations/us-central1/operations/operation-1756934295829-63dec2498bcbf-11bfa005-c08612e6","metadata":{"@type":"type.googleapis.com/google.firebase.dataconnect.v1.OperationMetadata","createTime":"2025-09-03T21:18:16.695101239Z","target":"projects/organizacioncentro-d3cd7/locations/us-central1/services/organizacioncolegio","verb":"create","requestedCancellation":false,"apiVersion":"v1"},"done":false}
[debug] [2025-09-03T21:18:19.119Z] [LRO Poller] Retrying task index 0
[debug] [2025-09-03T21:18:19.120Z] Checked if tokens are valid: true, expires at: 1756937785074
[debug] [2025-09-03T21:18:19.120Z] Checked if tokens are valid: true, expires at: 1756937785074
[debug] [2025-09-03T21:18:19.120Z] >>> [apiv2][query] GET https://firebasedataconnect.googleapis.com/v1/projects/organizacioncentro-d3cd7/locations/us-central1/operations/operation-1756934295829-63dec2498bcbf-11bfa005-c08612e6 [none]
[debug] [2025-09-03T21:18:19.274Z] <<< [apiv2][status] GET https://firebasedataconnect.googleapis.com/v1/projects/organizacioncentro-d3cd7/locations/us-central1/operations/operation-1756934295829-63dec2498bcbf-11bfa005-c08612e6 200
[debug] [2025-09-03T21:18:19.274Z] <<< [apiv2][body] GET https://firebasedataconnect.googleapis.com/v1/projects/organizacioncentro-d3cd7/locations/us-central1/operations/operation-1756934295829-63dec2498bcbf-11bfa005-c08612e6 {"name":"projects/organizacioncentro-d3cd7/locations/us-central1/operations/operation-1756934295829-63dec2498bcbf-11bfa005-c08612e6","metadata":{"@type":"type.googleapis.com/google.firebase.dataconnect.v1.OperationMetadata","createTime":"2025-09-03T21:18:16.695101239Z","endTime":"2025-09-03T21:18:17.876132498Z","target":"projects/organizacioncentro-d3cd7/locations/us-central1/services/organizacioncolegio","verb":"create","requestedCancellation":false,"apiVersion":"v1"},"done":true,"response":{"@type":"type.googleapis.com/google.firebase.dataconnect.v1.Service","name":"projects/organizacioncentro-d3cd7/locations/us-central1/services/organizacioncolegio","createTime":"2025-09-03T21:18:16.691622780Z","updateTime":"2025-09-03T21:18:16.691622780Z","uid":"84e4f8d5-7529-41a0-878a-07c5efa4e934","reconciling":false,"etag":"catEMIuj3KsGVRyKn-jP7BTIRhWSYbmsSeegABLtyiI"}}
[debug] [2025-09-03T21:18:19.277Z] Checked if tokens are valid: true, expires at: 1756937785074
[debug] [2025-09-03T21:18:19.277Z] Checked if tokens are valid: true, expires at: 1756937785074
[debug] [2025-09-03T21:18:19.278Z] >>> [apiv2][query] POST https://cloudaicompanion.googleapis.com/v1beta/projects/organizacioncentro-d3cd7/locations/global/instances/default:completeTask [none]
[debug] [2025-09-03T21:18:19.278Z] >>> [apiv2][body] POST https://cloudaicompanion.googleapis.com/v1beta/projects/organizacioncentro-d3cd7/locations/global/instances/default:completeTask {"input":{"messages":[{"content":"organizador escolar docentes","author":"USER"}]},"experienceContext":{"experience":"/appeco/firebase/fdc-schema-generator"}}
[debug] [2025-09-03T21:18:25.169Z] <<< [apiv2][status] POST https://cloudaicompanion.googleapis.com/v1beta/projects/organizacioncentro-d3cd7/locations/global/instances/default:completeTask 200
[debug] [2025-09-03T21:18:25.169Z] <<< [apiv2][body] POST https://cloudaicompanion.googleapis.com/v1beta/projects/organizacioncentro-d3cd7/locations/global/instances/default:completeTask {"output":{"messages":[{"content":"```graphql\ntype User @table {\n  displayName: String!\n  email: String!\n  createdAt: Timestamp!\n  photoUrl: String\n  institution: String\n}\n\ntype Course @table {\n  name: String!\n  academicYear: String!\n  createdAt: Timestamp!\n  description: String\n  code: String\n  teacher: User\n}\n\ntype Student @table {\n  firstName: String!\n  lastName: String!\n  studentId: String!\n  createdAt: Timestamp!\n  email: String\n  contactInfo: String\n}\n\ntype CourseEnrollment @table(key: [\"student\", \"course\"]) {\n  student: Student!\n  course: Course!\n  createdAt: Timestamp!\n}\n\ntype Assignment @table {\n  title: String!\n  dueDate: Timestamp!\n  maxScore: Int!\n  createdAt: Timestamp!\n  description: String\n  weight: Float\n  course: Course\n}\n\ntype Grade @table(key: [\"student\", \"assignment\"]) {\n  score: Float!\n  createdAt: Timestamp!\n  updatedAt: Timestamp!\n  feedback: String\n  student: Student!\n  assignment: Assignment!\n}\n\ntype Announcement @table {\n  title: String!\n  message: String!\n  createdAt: Timestamp!\n  attachmentUrl: String\n  course: Course\n  sender: User\n}\n```\n"}]},"displayContext":{"additionalContext":{"@type":"type.googleapis.com/google.cloud.cloudaicompanion.v1main.FirebaseChatDisplayContext","firebaseFdcDisplayContext":{"schemaSyntaxError":""}}}}
[debug] [2025-09-03T21:18:25.171Z] Checked if tokens are valid: true, expires at: 1756937785074
[debug] [2025-09-03T21:18:25.172Z] Checked if tokens are valid: true, expires at: 1756937785074
[debug] [2025-09-03T21:18:25.172Z] >>> [apiv2][query] PATCH https://firebasedataconnect.googleapis.com/v1/projects/organizacioncentro-d3cd7/locations/us-central1/services/organizacioncolegio/schemas/main allowMissing=true&validateOnly=false
[debug] [2025-09-03T21:18:25.172Z] >>> [apiv2][body] PATCH https://firebasedataconnect.googleapis.com/v1/projects/organizacioncentro-d3cd7/locations/us-central1/services/organizacioncolegio/schemas/main {"name":"projects/organizacioncentro-d3cd7/locations/us-central1/services/organizacioncolegio/schemas/main","datasources":[{"postgresql":{}}],"source":{"files":[{"path":"schema.gql","content":"type User @table {\n  displayName: String!\n  email: String!\n  createdAt: Timestamp!\n  photoUrl: String\n  institution: String\n}\n\ntype Course @table {\n  name: String!\n  academicYear: String!\n  createdAt: Timestamp!\n  description: String\n  code: String\n  teacher: User\n}\n\ntype Student @table {\n  firstName: String!\n  lastName: String!\n  studentId: String!\n  createdAt: Timestamp!\n  email: String\n  contactInfo: String\n}\n\ntype CourseEnrollment @table(key: [\"student\", \"course\"]) {\n  student: Student!\n  course: Course!\n  createdAt: Timestamp!\n}\n\ntype Assignment @table {\n  title: String!\n  dueDate: Timestamp!\n  maxScore: Int!\n  createdAt: Timestamp!\n  description: String\n  weight: Float\n  course: Course\n}\n\ntype Grade @table(key: [\"student\", \"assignment\"]) {\n  score: Float!\n  createdAt: Timestamp!\n  updatedAt: Timestamp!\n  feedback: String\n  student: Student!\n  assignment: Assignment!\n}\n\ntype Announcement @table {\n  title: String!\n  message: String!\n  createdAt: Timestamp!\n  attachmentUrl: String\n  course: Course\n  sender: User\n}"}]}}
[debug] [2025-09-03T21:18:25.949Z] <<< [apiv2][status] PATCH https://firebasedataconnect.googleapis.com/v1/projects/organizacioncentro-d3cd7/locations/us-central1/services/organizacioncolegio/schemas/main 200
[debug] [2025-09-03T21:18:25.950Z] <<< [apiv2][body] PATCH https://firebasedataconnect.googleapis.com/v1/projects/organizacioncentro-d3cd7/locations/us-central1/services/organizacioncolegio/schemas/main {"name":"projects/organizacioncentro-d3cd7/locations/us-central1/operations/operation-1756934305376-63dec252a6746-d9265c15-5c14ae64","metadata":{"@type":"type.googleapis.com/google.firebase.dataconnect.v1.OperationMetadata","createTime":"2025-09-03T21:18:25.429061638Z","target":"projects/organizacioncentro-d3cd7/locations/us-central1/services/organizacioncolegio/schemas/main","verb":"update","requestedCancellation":false,"apiVersion":"v1"},"done":false}
[debug] [2025-09-03T21:18:25.950Z] Checked if tokens are valid: true, expires at: 1756937785074
[debug] [2025-09-03T21:18:25.950Z] Checked if tokens are valid: true, expires at: 1756937785074
[debug] [2025-09-03T21:18:25.950Z] >>> [apiv2][query] GET https://firebasedataconnect.googleapis.com/v1/projects/organizacioncentro-d3cd7/locations/us-central1/operations/operation-1756934305376-63dec252a6746-d9265c15-5c14ae64 [none]
[debug] [2025-09-03T21:18:26.101Z] <<< [apiv2][status] GET https://firebasedataconnect.googleapis.com/v1/projects/organizacioncentro-d3cd7/locations/us-central1/operations/operation-1756934305376-63dec252a6746-d9265c15-5c14ae64 200
[debug] [2025-09-03T21:18:26.101Z] <<< [apiv2][body] GET https://firebasedataconnect.googleapis.com/v1/projects/organizacioncentro-d3cd7/locations/us-central1/operations/operation-1756934305376-63dec252a6746-d9265c15-5c14ae64 {"name":"projects/organizacioncentro-d3cd7/locations/us-central1/operations/operation-1756934305376-63dec252a6746-d9265c15-5c14ae64","metadata":{"@type":"type.googleapis.com/google.firebase.dataconnect.v1.OperationMetadata","createTime":"2025-09-03T21:18:25.429061638Z","target":"projects/organizacioncentro-d3cd7/locations/us-central1/services/organizacioncolegio/schemas/main","verb":"update","requestedCancellation":false,"apiVersion":"v1"},"done":false}
[debug] [2025-09-03T21:18:26.613Z] [LRO Poller] Retrying task index 0
[debug] [2025-09-03T21:18:26.613Z] Checked if tokens are valid: true, expires at: 1756937785074
[debug] [2025-09-03T21:18:26.613Z] Checked if tokens are valid: true, expires at: 1756937785074
[debug] [2025-09-03T21:18:26.614Z] >>> [apiv2][query] GET https://firebasedataconnect.googleapis.com/v1/projects/organizacioncentro-d3cd7/locations/us-central1/operations/operation-1756934305376-63dec252a6746-d9265c15-5c14ae64 [none]
[debug] [2025-09-03T21:18:26.762Z] <<< [apiv2][status] GET https://firebasedataconnect.googleapis.com/v1/projects/organizacioncentro-d3cd7/locations/us-central1/operations/operation-1756934305376-63dec252a6746-d9265c15-5c14ae64 200
[debug] [2025-09-03T21:18:26.763Z] <<< [apiv2][body] GET https://firebasedataconnect.googleapis.com/v1/projects/organizacioncentro-d3cd7/locations/us-central1/operations/operation-1756934305376-63dec252a6746-d9265c15-5c14ae64 {"name":"projects/organizacioncentro-d3cd7/locations/us-central1/operations/operation-1756934305376-63dec252a6746-d9265c15-5c14ae64","metadata":{"@type":"type.googleapis.com/google.firebase.dataconnect.v1.OperationMetadata","createTime":"2025-09-03T21:18:25.429061638Z","endTime":"2025-09-03T21:18:25.667517688Z","target":"projects/organizacioncentro-d3cd7/locations/us-central1/services/organizacioncolegio/schemas/main","verb":"update","requestedCancellation":false,"apiVersion":"v1"},"done":true,"response":{"@type":"type.googleapis.com/google.firebase.dataconnect.v1.Schema","name":"projects/organizacioncentro-d3cd7/locations/us-central1/services/organizacioncolegio/schemas/main","createTime":"2025-09-03T21:18:25.423783709Z","updateTime":"2025-09-03T21:18:25.423783709Z","uid":"c19b8b09-fa70-408b-9d26-e0e2be2e83e2","reconciling":false,"etag":"ucsPQevsDydDrkBzajQ6odm1DaAcHFiPMYifl49atIk"}}
[debug] [2025-09-03T21:18:26.765Z] Checked if tokens are valid: true, expires at: 1756937785074
[debug] [2025-09-03T21:18:26.765Z] Checked if tokens are valid: true, expires at: 1756937785074
[debug] [2025-09-03T21:18:26.765Z] Checked if tokens are valid: true, expires at: 1756937785074
[debug] [2025-09-03T21:18:26.765Z] Checked if tokens are valid: true, expires at: 1756937785074
[debug] [2025-09-03T21:18:26.765Z] >>> [apiv2][query] POST https://cloudaicompanion.googleapis.com/v1beta/projects/organizacioncentro-d3cd7/locations/global/instances/default:completeTask [none]
[debug] [2025-09-03T21:18:26.765Z] >>> [apiv2][body] POST https://cloudaicompanion.googleapis.com/v1beta/projects/organizacioncentro-d3cd7/locations/global/instances/default:completeTask {"input":{"messages":[{"content":"Create 4 operations for an app using the instance schema with proper authentication.","author":"USER"}]},"experienceContext":{"experience":"/appeco/firebase/fdc-query-generator"},"clientContext":{"additionalContext":{"@type":"type.googleapis.com/google.cloud.cloudaicompanion.v1main.FirebaseChatRequestContext","fdcInfo":{"fdcServiceName":"projects/organizacioncentro-d3cd7/locations/us-central1/services/organizacioncolegio","requiresQuery":true}}}}
[debug] [2025-09-03T21:18:26.765Z] >>> [apiv2][query] POST https://cloudaicompanion.googleapis.com/v1beta/projects/organizacioncentro-d3cd7/locations/global/instances/default:completeTask [none]
[debug] [2025-09-03T21:18:26.766Z] >>> [apiv2][body] POST https://cloudaicompanion.googleapis.com/v1beta/projects/organizacioncentro-d3cd7/locations/global/instances/default:completeTask {"input":{"messages":[{"content":"Create a mutation to populate the database with some seed data.","author":"USER"}]},"experienceContext":{"experience":"/appeco/firebase/fdc-query-generator"},"clientContext":{"additionalContext":{"@type":"type.googleapis.com/google.cloud.cloudaicompanion.v1main.FirebaseChatRequestContext","fdcInfo":{"fdcServiceName":"projects/organizacioncentro-d3cd7/locations/us-central1/services/organizacioncolegio","requiresQuery":true}}}}
[debug] [2025-09-03T21:18:29.939Z] <<< [apiv2][status] POST https://cloudaicompanion.googleapis.com/v1beta/projects/organizacioncentro-d3cd7/locations/global/instances/default:completeTask 200
[debug] [2025-09-03T21:18:29.939Z] <<< [apiv2][body] POST https://cloudaicompanion.googleapis.com/v1beta/projects/organizacioncentro-d3cd7/locations/global/instances/default:completeTask {"output":{"messages":[{"content":"```graphql\nmutation CreateNewCourse($name: String!, $academicYear: String!, $teacherId: UUID!) @auth(level: USER) {\n  course_insert(data: { name: $name, academicYear: $academicYear, teacherId: $teacherId })\n}\n\nquery ListAllCourses @auth(level: PUBLIC) {\n  courses {\n    id\n    name\n    academicYear\n    teacher {\n      id\n      displayName\n      email\n    }\n  }\n}\n\nmutation EnrollStudentInCourse($studentId: UUID!, $courseId: UUID!) @auth(level: USER) {\n  courseEnrollment_insert(data: { studentId: $studentId, courseId: $courseId })\n}\n\nquery ListAssignmentsForCourse($courseId: UUID!) @auth(level: USER) {\n  assignments(where: { courseId: { eq: $courseId } }) {\n    id\n    title\n    description\n    dueDate\n    maxScore\n  }\n}\n```","author":"model"}]},"outputDataContext":{"additionalContext":{"@type":"type.googleapis.com/google.cloud.cloudaicompanion.v1main.ChatOutputDataContext","relatedContent":{}}},"attributionContext":{"citationMetadata":{}}}
[debug] [2025-09-03T21:18:33.457Z] <<< [apiv2][status] POST https://cloudaicompanion.googleapis.com/v1beta/projects/organizacioncentro-d3cd7/locations/global/instances/default:completeTask 200
[debug] [2025-09-03T21:18:33.457Z] <<< [apiv2][body] POST https://cloudaicompanion.googleapis.com/v1beta/projects/organizacioncentro-d3cd7/locations/global/instances/default:completeTask {"output":{"messages":[{"content":"```graphql\nmutation SeedData @auth(level: USER) {\n  user_upsertMany(data: [\n    {\n      id: \"550e8400-e29b-41d4-a716-446655440000\",\n      displayName: \"bobuser\",\n      email: \"bob@example.com\",\n      createdAt: \"2024-04-26T12:00:00Z\"\n    },\n    {\n      id: \"550e8400-e29b-41d4-a716-446655440001\",\n      displayName: \"aliceuser\",\n      email: \"alice@example.com\",\n      createdAt: \"2024-04-26T13:00:00Z\"\n    }\n  ])\n  student_upsertMany(data: [\n    {\n      id: \"650e8400-e29b-41d4-a716-446655440000\",\n      firstName: \"Bob\",\n      lastName: \"User\",\n      studentId: \"12345\",\n      email: \"bob@example.com\",\n      createdAt: \"2024-04-26T12:00:00Z\"\n    },\n    {\n      id: \"650e8400-e29b-41d4-a716-446655440001\",\n      firstName: \"Alice\",\n      lastName: \"User\",\n      studentId: \"54321\",\n      email: \"alice@example.com\",\n      createdAt: \"2024-04-26T13:00:00Z\"\n    }\n  ])\n  course_upsertMany(data: [\n    {\n      id: \"750e8400-e29b-41d4-a716-446655440000\",\n      name: \"Introduction to GraphQL\",\n      academicYear: \"2024\",\n      createdAt: \"2024-04-26T14:00:00Z\",\n      teacherId: \"550e8400-e29b-41d4-a716-446655440000\"\n    },\n    {\n      id: \"750e8400-e29b-41d4-a716-446655440001\",\n      name: \"Advanced Firebase\",\n      academicYear: \"2024\",\n      createdAt: \"2024-04-26T15:00:00Z\",\n      teacherId: \"550e8400-e29b-41d4-a716-446655440001\"\n    }\n  ])\n  courseEnrollment_upsertMany(data: [\n    {\n      studentId: \"650e8400-e29b-41d4-a716-446655440000\",\n      courseId: \"750e8400-e29b-41d4-a716-446655440000\",\n      createdAt: \"2024-04-26T16:00:00Z\"\n    },\n    {\n      studentId: \"650e8400-e29b-41d4-a716-446655440001\",\n      courseId: \"750e8400-e29b-41d4-a716-446655440001\",\n      createdAt: \"2024-04-26T17:00:00Z\"\n    }\n  ])\n  assignment_upsertMany(data: [\n    {\n      id: \"850e8400-e29b-41d4-a716-446655440000\",\n      title: \"GraphQL Basics Quiz\",\n      maxScore: 100,\n      dueDate: \"2024-05-03T23:59:00Z\",\n      createdAt: \"2024-04-27T09:00:00Z\",\n      courseId: \"750e8400-e29b-41d4-a716-446655440000\"\n    },\n    {\n      id: \"850e8400-e29b-41d4-a716-446655440001\",\n      title: \"Firebase Security Rules\",\n      maxScore: 120,\n      dueDate: \"2024-05-10T23:59:00Z\",\n      createdAt: \"2024-04-27T10:00:00Z\",\n      courseId: \"750e8400-e29b-41d4-a716-446655440001\"\n    }\n  ])\n  grade_upsertMany(data: [\n    {\n      studentId: \"650e8400-e29b-41d4-a716-446655440000\",\n      assignmentId: \"850e8400-e29b-41d4-a716-446655440000\",\n      score: 95,\n      feedback: \"Excellent work!\",\n      createdAt: \"2024-05-01T10:00:00Z\",\n      updatedAt: \"2024-05-01T10:00:00Z\"\n    },\n    {\n      studentId: \"650e8400-e29b-41d4-a716-446655440001\",\n      assignmentId: \"850e8400-e29b-41d4-a716-446655440001\",\n      score: 110,\n      feedback: \"Great job!\",\n      createdAt: \"2024-05-08T11:00:00Z\",\n      updatedAt: \"2024-05-08T11:00:00Z\"\n    }\n  ])\n}\n```\n","author":"model"}]},"outputDataContext":{"additionalContext":{"@type":"type.googleapis.com/google.cloud.cloudaicompanion.v1main.ChatOutputDataContext","relatedContent":{}}},"attributionContext":{"citationMetadata":{}}}
[info] +  Wrote dataconnect\dataconnect.yaml 
[info] +  Wrote dataconnect\seed_data.gql 
[info] +  Wrote dataconnect\schema\schema.gql 
[info] +  Wrote dataconnect\example\connector.yaml 
[info] +  Wrote dataconnect\example\queries.gql 
[info] i  dataconnect: No apps to setup Data Connect Generated SDKs 
[info] 
=== Firestore Setup
[info] i  firestore: ensuring required API firestore.googleapis.com is enabled... 
[debug] [2025-09-03T21:18:33.613Z] Checked if tokens are valid: true, expires at: 1756937785074
[debug] [2025-09-03T21:18:33.613Z] Checked if tokens are valid: true, expires at: 1756937785074
[debug] [2025-09-03T21:18:33.613Z] >>> [apiv2][query] GET https://serviceusage.googleapis.com/v1/projects/organizacioncentro-d3cd7/services/firestore.googleapis.com [none]
[debug] [2025-09-03T21:18:33.613Z] >>> [apiv2][(partial)header] GET https://serviceusage.googleapis.com/v1/projects/organizacioncentro-d3cd7/services/firestore.googleapis.com x-goog-quota-user=projects/organizacioncentro-d3cd7
[debug] [2025-09-03T21:18:34.490Z] <<< [apiv2][status] GET https://serviceusage.googleapis.com/v1/projects/organizacioncentro-d3cd7/services/firestore.googleapis.com 200
[debug] [2025-09-03T21:18:34.490Z] <<< [apiv2][body] GET https://serviceusage.googleapis.com/v1/projects/organizacioncentro-d3cd7/services/firestore.googleapis.com [omitted]
[warn] !  firestore: missing required API firestore.googleapis.com. Enabling now... 
[debug] [2025-09-03T21:18:34.490Z] Checked if tokens are valid: true, expires at: 1756937785074
[debug] [2025-09-03T21:18:34.491Z] Checked if tokens are valid: true, expires at: 1756937785074
[debug] [2025-09-03T21:18:34.491Z] >>> [apiv2][query] POST https://serviceusage.googleapis.com/v1/projects/organizacioncentro-d3cd7/services/firestore.googleapis.com:enable [none]
[debug] [2025-09-03T21:18:34.491Z] >>> [apiv2][(partial)header] POST https://serviceusage.googleapis.com/v1/projects/organizacioncentro-d3cd7/services/firestore.googleapis.com:enable x-goog-quota-user=projects/organizacioncentro-d3cd7
[debug] [2025-09-03T21:18:35.624Z] <<< [apiv2][status] POST https://serviceusage.googleapis.com/v1/projects/organizacioncentro-d3cd7/services/firestore.googleapis.com:enable 200
[debug] [2025-09-03T21:18:35.624Z] <<< [apiv2][body] POST https://serviceusage.googleapis.com/v1/projects/organizacioncentro-d3cd7/services/firestore.googleapis.com:enable [omitted]
[debug] [2025-09-03T21:18:45.649Z] Checked if tokens are valid: true, expires at: 1756937785074
[debug] [2025-09-03T21:18:45.649Z] Checked if tokens are valid: true, expires at: 1756937785074
[debug] [2025-09-03T21:18:45.649Z] >>> [apiv2][query] GET https://firestore.googleapis.com/v1/projects/organizacioncentro-d3cd7/databases [none]
[debug] [2025-09-03T21:18:46.221Z] <<< [apiv2][status] GET https://firestore.googleapis.com/v1/projects/organizacioncentro-d3cd7/databases 200
[debug] [2025-09-03T21:18:46.221Z] <<< [apiv2][body] GET https://firestore.googleapis.com/v1/projects/organizacioncentro-d3cd7/databases {}
[debug] [2025-09-03T21:18:46.221Z] Checked if tokens are valid: true, expires at: 1756937785074
[debug] [2025-09-03T21:18:46.221Z] Checked if tokens are valid: true, expires at: 1756937785074
[debug] [2025-09-03T21:18:46.221Z] >>> [apiv2][query] GET https://firestore.googleapis.com/v1/projects/organizacioncentro-d3cd7/locations [none]
[debug] [2025-09-03T21:18:46.353Z] <<< [apiv2][status] GET https://firestore.googleapis.com/v1/projects/organizacioncentro-d3cd7/locations 200
[debug] [2025-09-03T21:18:46.353Z] <<< [apiv2][body] GET https://firestore.googleapis.com/v1/projects/organizacioncentro-d3cd7/locations {"locations":[{"name":"projects/organizacioncentro-d3cd7/locations/eur3","labels":{"appengine.googleapis.com/geo":"europe-west","cloud.googleapis.com/location":"eur3","cloud.googleapis.com/geo":"eur3"},"metadata":{"@type":"type.googleapis.com/google.firestore.admin.v1.LocationMetadata"},"locationId":"eur3","displayName":"Europe"},{"name":"projects/organizacioncentro-d3cd7/locations/nam5","labels":{"appengine.googleapis.com/geo":"us-central","cloud.googleapis.com/location":"nam5","cloud.googleapis.com/geo":"nam5"},"metadata":{"@type":"type.googleapis.com/google.firestore.admin.v1.LocationMetadata"},"locationId":"nam5","displayName":"United States"},{"name":"projects/organizacioncentro-d3cd7/locations/nam7","labels":{"cloud.googleapis.com/location":"nam7","cloud.googleapis.com/geo":"nam7"},"metadata":{"@type":"type.googleapis.com/google.firestore.admin.v1.LocationMetadata"},"locationId":"nam7","displayName":"United States"},{"name":"projects/organizacioncentro-d3cd7/locations/africa-south1","labels":{"cloud.googleapis.com/location":"africa-south1","cloud.googleapis.com/region":"africa-south1"},"metadata":{"@type":"type.googleapis.com/google.firestore.admin.v1.LocationMetadata"},"locationId":"africa-south1","displayName":"Johannesburg"},{"name":"projects/organizacioncentro-d3cd7/locations/asia-east1","labels":{"appengine.googleapis.com/region":"asia-east1","cloud.googleapis.com/location":"asia-east1","cloud.googleapis.com/region":"asia-east1"},"metadata":{"@type":"type.googleapis.com/google.firestore.admin.v1.LocationMetadata"},"locationId":"asia-east1","displayName":"Taiwan"},{"name":"projects/organizacioncentro-d3cd7/locations/asia-east2","labels":{"appengine.googleapis.com/region":"asia-east2","cloud.googleapis.com/location":"asia-east2","cloud.googleapis.com/region":"asia-east2"},"metadata":{"@type":"type.googleapis.com/google.firestore.admin.v1.LocationMetadata"},"locationId":"asia-east2","displayName":"Hong Kong"},{"name":"projects/organizacioncentro-d3cd7/locations/asia-northeast1","labels":{"appengine.googleapis.com/region":"asia-northeast1","cloud.googleapis.com/location":"asia-northeast1","cloud.googleapis.com/region":"asia-northeast1"},"metadata":{"@type":"type.googleapis.com/google.firestore.admin.v1.LocationMetadata"},"locationId":"asia-northeast1","displayName":"Tokyo"},{"name":"projects/organizacioncentro-d3cd7/locations/asia-northeast2","labels":{"appengine.googleapis.com/region":"asia-northeast2","cloud.googleapis.com/location":"asia-northeast2","cloud.googleapis.com/region":"asia-northeast2"},"metadata":{"@type":"type.googleapis.com/google.firestore.admin.v1.LocationMetadata"},"locationId":"asia-northeast2","displayName":"Osaka"},{"name":"projects/organizacioncentro-d3cd7/locations/asia-northeast3","labels":{"appengine.googleapis.com/region":"asia-northeast3","cloud.googleapis.com/location":"asia-northeast3","cloud.googleapis.com/region":"asia-northeast3"},"metadata":{"@type":"type.googleapis.com/google.firestore.admin.v1.LocationMetadata"},"locationId":"asia-northeast3","displayName":"Seoul"},{"name":"projects/organizacioncentro-d3cd7/locations/asia-south1","labels":{"appengine.googleapis.com/region":"asia-south1","cloud.googleapis.com/location":"asia-south1","cloud.googleapis.com/region":"asia-south1"},"metadata":{"@type":"type.googleapis.com/google.firestore.admin.v1.LocationMetadata"},"locationId":"asia-south1","displayName":"Mumbai"},{"name":"projects/organizacioncentro-d3cd7/locations/asia-south2","labels":{"cloud.googleapis.com/location":"asia-south2","cloud.googleapis.com/region":"asia-south2"},"metadata":{"@type":"type.googleapis.com/google.firestore.admin.v1.LocationMetadata"},"locationId":"asia-south2","displayName":"Delhi"},{"name":"projects/organizacioncentro-d3cd7/locations/asia-southeast1","labels":{"appengine.googleapis.com/region":"asia-southeast1","cloud.googleapis.com/location":"asia-southeast1","cloud.googleapis.com/region":"asia-southeast1"},"metadata":{"@type":"type.googleapis.com/google.firestore.admin.v1.LocationMetadata"},"locationId":"asia-southeast1","displayName":"Singapore"},{"name":"projects/organizacioncentro-d3cd7/locations/asia-southeast2","labels":{"appengine.googleapis.com/region":"asia-southeast2","cloud.googleapis.com/location":"asia-southeast2","cloud.googleapis.com/region":"asia-southeast2"},"metadata":{"@type":"type.googleapis.com/google.firestore.admin.v1.LocationMetadata"},"locationId":"asia-southeast2","displayName":"Jakarta"},{"name":"projects/organizacioncentro-d3cd7/locations/australia-southeast1","labels":{"appengine.googleapis.com/region":"australia-southeast1","cloud.googleapis.com/location":"australia-southeast1","cloud.googleapis.com/region":"australia-southeast1"},"metadata":{"@type":"type.googleapis.com/google.firestore.admin.v1.LocationMetadata"},"locationId":"australia-southeast1","displayName":"Sydney"},{"name":"projects/organizacioncentro-d3cd7/locations/australia-southeast2","labels":{"cloud.googleapis.com/location":"australia-southeast2","cloud.googleapis.com/region":"australia-southeast2"},"metadata":{"@type":"type.googleapis.com/google.firestore.admin.v1.LocationMetadata"},"locationId":"australia-southeast2","displayName":"Melbourne"},{"name":"projects/organizacioncentro-d3cd7/locations/europe-central2","labels":{"appengine.googleapis.com/region":"europe-central2","cloud.googleapis.com/location":"europe-central2","cloud.googleapis.com/region":"europe-central2"},"metadata":{"@type":"type.googleapis.com/google.firestore.admin.v1.LocationMetadata"},"locationId":"europe-central2","displayName":"Warsaw"},{"name":"projects/organizacioncentro-d3cd7/locations/europe-north1","labels":{"cloud.googleapis.com/location":"europe-north1","cloud.googleapis.com/region":"europe-north1"},"metadata":{"@type":"type.googleapis.com/google.firestore.admin.v1.LocationMetadata"},"locationId":"europe-north1","displayName":"Finland"},{"name":"projects/organizacioncentro-d3cd7/locations/europe-north2","labels":{"cloud.googleapis.com/location":"europe-north2","cloud.googleapis.com/region":"europe-north2"},"metadata":{"@type":"type.googleapis.com/google.firestore.admin.v1.LocationMetadata"},"locationId":"europe-north2","displayName":"Stockholm"},{"name":"projects/organizacioncentro-d3cd7/locations/europe-southwest1","labels":{"cloud.googleapis.com/location":"europe-southwest1","cloud.googleapis.com/region":"europe-southwest1"},"metadata":{"@type":"type.googleapis.com/google.firestore.admin.v1.LocationMetadata"},"locationId":"europe-southwest1","displayName":"Madrid"},{"name":"projects/organizacioncentro-d3cd7/locations/europe-west1","labels":{"cloud.googleapis.com/location":"europe-west1","cloud.googleapis.com/region":"europe-west1"},"metadata":{"@type":"type.googleapis.com/google.firestore.admin.v1.LocationMetadata"},"locationId":"europe-west1","displayName":"Belgium"},{"name":"projects/organizacioncentro-d3cd7/locations/europe-west10","labels":{"cloud.googleapis.com/location":"europe-west10","cloud.googleapis.com/region":"europe-west10"},"metadata":{"@type":"type.googleapis.com/google.firestore.admin.v1.LocationMetadata"},"locationId":"europe-west10","displayName":"Berlin"},{"name":"projects/organizacioncentro-d3cd7/locations/europe-west12","labels":{"cloud.googleapis.com/location":"europe-west12","cloud.googleapis.com/region":"europe-west12"},"metadata":{"@type":"type.googleapis.com/google.firestore.admin.v1.LocationMetadata"},"locationId":"europe-west12","displayName":"Turin"},{"name":"projects/organizacioncentro-d3cd7/locations/europe-west2","labels":{"appengine.googleapis.com/region":"europe-west2","cloud.googleapis.com/location":"europe-west2","cloud.googleapis.com/region":"europe-west2"},"metadata":{"@type":"type.googleapis.com/google.firestore.admin.v1.LocationMetadata"},"locationId":"europe-west2","displayName":"London"},{"name":"projects/organizacioncentro-d3cd7/locations/europe-west3","labels":{"appengine.googleapis.com/region":"europe-west3","cloud.googleapis.com/location":"europe-west3","cloud.googleapis.com/region":"europe-west3"},"metadata":{"@type":"type.googleapis.com/google.firestore.admin.v1.LocationMetadata"},"locationId":"europe-west3","displayName":"Frankfurt"},{"name":"projects/organizacioncentro-d3cd7/locations/europe-west4","labels":{"cloud.googleapis.com/location":"europe-west4","cloud.googleapis.com/region":"europe-west4"},"metadata":{"@type":"type.googleapis.com/google.firestore.admin.v1.LocationMetadata"},"locationId":"europe-west4","displayName":"Netherlands"},{"name":"projects/organizacioncentro-d3cd7/locations/europe-west6","labels":{"appengine.googleapis.com/region":"europe-west6","cloud.googleapis.com/location":"europe-west6","cloud.googleapis.com/region":"europe-west6"},"metadata":{"@type":"type.googleapis.com/google.firestore.admin.v1.LocationMetadata"},"locationId":"europe-west6","displayName":"Zurich"},{"name":"projects/organizacioncentro-d3cd7/locations/europe-west8","labels":{"cloud.googleapis.com/location":"europe-west8","cloud.googleapis.com/region":"europe-west8"},"metadata":{"@type":"type.googleapis.com/google.firestore.admin.v1.LocationMetadata"},"locationId":"europe-west8","displayName":"Milan"},{"name":"projects/organizacioncentro-d3cd7/locations/europe-west9","labels":{"cloud.googleapis.com/location":"europe-west9","cloud.googleapis.com/region":"europe-west9"},"metadata":{"@type":"type.googleapis.com/google.firestore.admin.v1.LocationMetadata"},"locationId":"europe-west9","displayName":"Paris"},{"name":"projects/organizacioncentro-d3cd7/locations/me-central1","labels":{"cloud.googleapis.com/location":"me-central1","cloud.googleapis.com/region":"me-central1"},"metadata":{"@type":"type.googleapis.com/google.firestore.admin.v1.LocationMetadata"},"locationId":"me-central1","displayName":"Doha"},{"name":"projects/organizacioncentro-d3cd7/locations/me-central2","labels":{"cloud.googleapis.com/location":"me-central2","cloud.googleapis.com/region":"me-central2"},"metadata":{"@type":"type.googleapis.com/google.firestore.admin.v1.LocationMetadata"},"locationId":"me-central2","displayName":"Dammam"},{"name":"projects/organizacioncentro-d3cd7/locations/me-west1","labels":{"cloud.googleapis.com/location":"me-west1","cloud.googleapis.com/region":"me-west1"},"metadata":{"@type":"type.googleapis.com/google.firestore.admin.v1.LocationMetadata"},"locationId":"me-west1","displayName":"Tel Aviv"},{"name":"projects/organizacioncentro-d3cd7/locations/northamerica-northeast1","labels":{"appengine.googleapis.com/region":"northamerica-northeast1","cloud.googleapis.com/location":"northamerica-northeast1","cloud.googleapis.com/region":"northamerica-northeast1"},"metadata":{"@type":"type.googleapis.com/google.firestore.admin.v1.LocationMetadata"},"locationId":"northamerica-northeast1","displayName":"Montréal"},{"name":"projects/organizacioncentro-d3cd7/locations/northamerica-northeast2","labels":{"cloud.googleapis.com/location":"northamerica-northeast2","cloud.googleapis.com/region":"northamerica-northeast2"},"metadata":{"@type":"type.googleapis.com/google.firestore.admin.v1.LocationMetadata"},"locationId":"northamerica-northeast2","displayName":"Toronto"},{"name":"projects/organizacioncentro-d3cd7/locations/northamerica-south1","labels":{"cloud.googleapis.com/location":"northamerica-south1","cloud.googleapis.com/region":"northamerica-south1"},"metadata":{"@type":"type.googleapis.com/google.firestore.admin.v1.LocationMetadata"},"locationId":"northamerica-south1","displayName":"Mexico"},{"name":"projects/organizacioncentro-d3cd7/locations/southamerica-east1","labels":{"appengine.googleapis.com/region":"southamerica-east1","cloud.googleapis.com/location":"southamerica-east1","cloud.googleapis.com/region":"southamerica-east1"},"metadata":{"@type":"type.googleapis.com/google.firestore.admin.v1.LocationMetadata"},"locationId":"southamerica-east1","displayName":"São Paulo"},{"name":"projects/organizacioncentro-d3cd7/locations/southamerica-west1","labels":{"cloud.googleapis.com/location":"southamerica-west1","cloud.googleapis.com/region":"southamerica-west1"},"metadata":{"@type":"type.googleapis.com/google.firestore.admin.v1.LocationMetadata"},"locationId":"southamerica-west1","displayName":"Santiago"},{"name":"projects/organizacioncentro-d3cd7/locations/us-central1","labels":{"cloud.googleapis.com/location":"us-central1","cloud.googleapis.com/region":"us-central1"},"metadata":{"@type":"type.googleapis.com/google.firestore.admin.v1.LocationMetadata"},"locationId":"us-central1","displayName":"Iowa"},{"name":"projects/organizacioncentro-d3cd7/locations/us-east1","labels":{"appengine.googleapis.com/region":"us-east1","cloud.googleapis.com/location":"us-east1","cloud.googleapis.com/region":"us-east1"},"metadata":{"@type":"type.googleapis.com/google.firestore.admin.v1.LocationMetadata"},"locationId":"us-east1","displayName":"South Carolina"},{"name":"projects/organizacioncentro-d3cd7/locations/us-east4","labels":{"appengine.googleapis.com/region":"us-east4","cloud.googleapis.com/location":"us-east4","cloud.googleapis.com/region":"us-east4"},"metadata":{"@type":"type.googleapis.com/google.firestore.admin.v1.LocationMetadata"},"locationId":"us-east4","displayName":"Northern Virginia"},{"name":"projects/organizacioncentro-d3cd7/locations/us-east5","labels":{"cloud.googleapis.com/location":"us-east5","cloud.googleapis.com/region":"us-east5"},"metadata":{"@type":"type.googleapis.com/google.firestore.admin.v1.LocationMetadata"},"locationId":"us-east5","displayName":"Columbus"},{"name":"projects/organizacioncentro-d3cd7/locations/us-south1","labels":{"cloud.googleapis.com/location":"us-south1","cloud.googleapis.com/region":"us-south1"},"metadata":{"@type":"type.googleapis.com/google.firestore.admin.v1.LocationMetadata"},"locationId":"us-south1","displayName":"Dallas"},{"name":"projects/organizacioncentro-d3cd7/locations/us-west1","labels":{"appengine.googleapis.com/region":"us-west1","cloud.googleapis.com/location":"us-west1","cloud.googleapis.com/region":"us-west1"},"metadata":{"@type":"type.googleapis.com/google.firestore.admin.v1.LocationMetadata"},"locationId":"us-west1","displayName":"Oregon"},{"name":"projects/organizacioncentro-d3cd7/locations/us-west2","labels":{"appengine.googleapis.com/region":"us-west2","cloud.googleapis.com/location":"us-west2","cloud.googleapis.com/region":"us-west2"},"metadata":{"@type":"type.googleapis.com/google.firestore.admin.v1.LocationMetadata"},"locationId":"us-west2","displayName":"Los Angeles"},{"name":"projects/organizacioncentro-d3cd7/locations/us-west3","labels":{"appengine.googleapis.com/region":"us-west3","cloud.googleapis.com/location":"us-west3","cloud.googleapis.com/region":"us-west3"},"metadata":{"@type":"type.googleapis.com/google.firestore.admin.v1.LocationMetadata"},"locationId":"us-west3","displayName":"Salt Lake City"},{"name":"projects/organizacioncentro-d3cd7/locations/us-west4","labels":{"appengine.googleapis.com/region":"us-west4","cloud.googleapis.com/location":"us-west4","cloud.googleapis.com/region":"us-west4"},"metadata":{"@type":"type.googleapis.com/google.firestore.admin.v1.LocationMetadata"},"locationId":"us-west4","displayName":"Las Vegas"}]}
[info] 
[info] Firestore Security Rules allow you to define how and when to allow
[info] requests. You can keep these rules in your project directory
[info] and publish them with firebase deploy.
[info] 
[debug] [2025-09-03T21:20:15.413Z] Checked if tokens are valid: true, expires at: 1756937785074
[debug] [2025-09-03T21:20:15.413Z] Checked if tokens are valid: true, expires at: 1756937785074
[debug] [2025-09-03T21:20:15.413Z] >>> [apiv2][query] GET https://firebaserules.googleapis.com/v1/projects/organizacioncentro-d3cd7/releases pageSize=10&pageToken=
[debug] [2025-09-03T21:20:16.244Z] <<< [apiv2][status] GET https://firebaserules.googleapis.com/v1/projects/organizacioncentro-d3cd7/releases 200
[debug] [2025-09-03T21:20:16.244Z] <<< [apiv2][body] GET https://firebaserules.googleapis.com/v1/projects/organizacioncentro-d3cd7/releases {}
[info] 
[info] Firestore indexes allow you to perform complex queries while
[info] maintaining performance that scales with the size of the result
[info] set. You can keep index definitions in your project directory
[info] and publish them with firebase deploy.
[info] 
[debug] [2025-09-03T21:21:10.368Z] Checked if tokens are valid: true, expires at: 1756937785074
[debug] [2025-09-03T21:21:10.368Z] Checked if tokens are valid: true, expires at: 1756937785074
[debug] [2025-09-03T21:21:10.368Z] Checked if tokens are valid: true, expires at: 1756937785074
[debug] [2025-09-03T21:21:10.368Z] Checked if tokens are valid: true, expires at: 1756937785074
[debug] [2025-09-03T21:21:10.368Z] >>> [apiv2][query] GET https://firestore.googleapis.com/v1/projects/organizacioncentro-d3cd7/databases/(default)/collectionGroups/-/indexes [none]
[debug] [2025-09-03T21:21:10.370Z] >>> [apiv2][query] GET https://firestore.googleapis.com/v1/projects/organizacioncentro-d3cd7/databases/(default)/collectionGroups/-/fields?filter=indexConfig.usesAncestorConfig=false OR ttlConfig:* [none]
[debug] [2025-09-03T21:21:10.546Z] <<< [apiv2][status] GET https://firestore.googleapis.com/v1/projects/organizacioncentro-d3cd7/databases/(default)/collectionGroups/-/fields?filter=indexConfig.usesAncestorConfig=false OR ttlConfig:* 404
[debug] [2025-09-03T21:21:10.546Z] <<< [apiv2][body] GET https://firestore.googleapis.com/v1/projects/organizacioncentro-d3cd7/databases/(default)/collectionGroups/-/fields?filter=indexConfig.usesAncestorConfig=false OR ttlConfig:* {"error":{"code":404,"message":"Project 'organizacioncentro-d3cd7' or database '(default)' does not exist.","status":"NOT_FOUND"}}
[info] +  Wrote firestore.rules 
[info] +  Wrote firestore.indexes.json 
[debug] [2025-09-03T21:21:10.564Z] <<< [apiv2][status] GET https://firestore.googleapis.com/v1/projects/organizacioncentro-d3cd7/databases/(default)/collectionGroups/-/indexes 404
[debug] [2025-09-03T21:21:10.564Z] <<< [apiv2][body] GET https://firestore.googleapis.com/v1/projects/organizacioncentro-d3cd7/databases/(default)/collectionGroups/-/indexes {"error":{"code":404,"message":"Project 'organizacioncentro-d3cd7' or database '(default)' does not exist.","status":"NOT_FOUND"}}
[info] 
=== Functions Setup
[debug] [2025-09-03T21:21:10.676Z] > command requires scopes: ["email","openid","https://www.googleapis.com/auth/cloudplatformprojects.readonly","https://www.googleapis.com/auth/firebase","https://www.googleapis.com/auth/cloud-platform"]
[debug] [2025-09-03T21:21:10.677Z] > authorizing via signed-in user (diegoalberto.moya@murciaeduca.es)
[debug] [2025-09-03T21:21:10.677Z] [iam] checking project organizacioncentro-d3cd7 for permissions ["firebase.projects.get"]
[debug] [2025-09-03T21:21:10.677Z] Checked if tokens are valid: true, expires at: 1756937785074
[debug] [2025-09-03T21:21:10.677Z] Checked if tokens are valid: true, expires at: 1756937785074
[debug] [2025-09-03T21:21:10.677Z] >>> [apiv2][query] POST https://cloudresourcemanager.googleapis.com/v1/projects/organizacioncentro-d3cd7:testIamPermissions [none]
[debug] [2025-09-03T21:21:10.677Z] >>> [apiv2][(partial)header] POST https://cloudresourcemanager.googleapis.com/v1/projects/organizacioncentro-d3cd7:testIamPermissions x-goog-quota-user=projects/organizacioncentro-d3cd7
[debug] [2025-09-03T21:21:10.677Z] >>> [apiv2][body] POST https://cloudresourcemanager.googleapis.com/v1/projects/organizacioncentro-d3cd7:testIamPermissions {"permissions":["firebase.projects.get"]}
[debug] [2025-09-03T21:21:11.372Z] <<< [apiv2][status] POST https://cloudresourcemanager.googleapis.com/v1/projects/organizacioncentro-d3cd7:testIamPermissions 200
[debug] [2025-09-03T21:21:11.372Z] <<< [apiv2][body] POST https://cloudresourcemanager.googleapis.com/v1/projects/organizacioncentro-d3cd7:testIamPermissions {"permissions":["firebase.projects.get"]}
[debug] [2025-09-03T21:21:11.373Z] Checked if tokens are valid: true, expires at: 1756937785074
[debug] [2025-09-03T21:21:11.373Z] Checked if tokens are valid: true, expires at: 1756937785074
[debug] [2025-09-03T21:21:11.373Z] Checked if tokens are valid: true, expires at: 1756937785074
[debug] [2025-09-03T21:21:11.373Z] Checked if tokens are valid: true, expires at: 1756937785074
[debug] [2025-09-03T21:21:11.373Z] >>> [apiv2][query] GET https://serviceusage.googleapis.com/v1/projects/organizacioncentro-d3cd7/services/cloudfunctions.googleapis.com [none]
[debug] [2025-09-03T21:21:11.373Z] >>> [apiv2][(partial)header] GET https://serviceusage.googleapis.com/v1/projects/organizacioncentro-d3cd7/services/cloudfunctions.googleapis.com x-goog-quota-user=projects/organizacioncentro-d3cd7
[debug] [2025-09-03T21:21:11.375Z] >>> [apiv2][query] GET https://serviceusage.googleapis.com/v1/projects/organizacioncentro-d3cd7/services/runtimeconfig.googleapis.com [none]
[debug] [2025-09-03T21:21:11.375Z] >>> [apiv2][(partial)header] GET https://serviceusage.googleapis.com/v1/projects/organizacioncentro-d3cd7/services/runtimeconfig.googleapis.com x-goog-quota-user=projects/organizacioncentro-d3cd7
[debug] [2025-09-03T21:21:12.248Z] <<< [apiv2][status] GET https://serviceusage.googleapis.com/v1/projects/organizacioncentro-d3cd7/services/runtimeconfig.googleapis.com 200
[debug] [2025-09-03T21:21:12.248Z] <<< [apiv2][body] GET https://serviceusage.googleapis.com/v1/projects/organizacioncentro-d3cd7/services/runtimeconfig.googleapis.com [omitted]
[debug] [2025-09-03T21:21:12.261Z] <<< [apiv2][status] GET https://serviceusage.googleapis.com/v1/projects/organizacioncentro-d3cd7/services/cloudfunctions.googleapis.com 200
[debug] [2025-09-03T21:21:12.261Z] <<< [apiv2][body] GET https://serviceusage.googleapis.com/v1/projects/organizacioncentro-d3cd7/services/cloudfunctions.googleapis.com [omitted]
[debug] [2025-09-03T21:21:12.262Z] Checked if tokens are valid: true, expires at: 1756937785074
[debug] [2025-09-03T21:21:12.262Z] Checked if tokens are valid: true, expires at: 1756937785074
[debug] [2025-09-03T21:21:12.262Z] >>> [apiv2][query] POST https://serviceusage.googleapis.com/v1/projects/organizacioncentro-d3cd7/services/cloudfunctions.googleapis.com:enable [none]
[debug] [2025-09-03T21:21:12.262Z] >>> [apiv2][(partial)header] POST https://serviceusage.googleapis.com/v1/projects/organizacioncentro-d3cd7/services/cloudfunctions.googleapis.com:enable x-goog-quota-user=projects/organizacioncentro-d3cd7
[debug] [2025-09-03T21:21:13.507Z] <<< [apiv2][status] POST https://serviceusage.googleapis.com/v1/projects/organizacioncentro-d3cd7/services/cloudfunctions.googleapis.com:enable 200
[debug] [2025-09-03T21:21:13.507Z] <<< [apiv2][body] POST https://serviceusage.googleapis.com/v1/projects/organizacioncentro-d3cd7/services/cloudfunctions.googleapis.com:enable [omitted]
[info] Let's create a new codebase for your functions.
[info] A directory corresponding to the codebase will be created in your project
[info] with sample code pre-configured.

[info] See https://firebase.google.com/docs/functions/organize-functions for
[info] more information on organizing your functions using codebases.

[info] Functions can be deployed with firebase deploy.

[info] +  Wrote functions/package.json 
[info] +  Wrote functions/.eslintrc.js 
[info] +  Wrote functions/index.js 
[info] +  Wrote functions/.gitignore 
[info] 
=== Hosting Setup
[debug] [2025-09-03T21:28:09.306Z] Checked if tokens are valid: true, expires at: 1756937785074
[debug] [2025-09-03T21:28:09.306Z] Checked if tokens are valid: true, expires at: 1756937785074
[debug] [2025-09-03T21:28:09.306Z] >>> [apiv2][query] GET https://firebase.googleapis.com/v1beta1/projects/organizacioncentro-d3cd7 [none]
[debug] [2025-09-03T21:28:09.597Z] <<< [apiv2][status] GET https://firebase.googleapis.com/v1beta1/projects/organizacioncentro-d3cd7 200
[debug] [2025-09-03T21:28:09.597Z] <<< [apiv2][body] GET https://firebase.googleapis.com/v1beta1/projects/organizacioncentro-d3cd7 {"projectId":"organizacioncentro-d3cd7","projectNumber":"1018056761030","displayName":"ORGANIZACIONCENTRO","name":"projects/organizacioncentro-d3cd7","resources":{"hostingSite":"organizacioncentro-d3cd7"},"state":"ACTIVE","etag":"1_84538b00-b22d-4fcb-839f-db6a55dbc6fc"}
[info] 
[info] Your public directory is the folder (relative to your project directory) that
[info] will contain Hosting assets to be uploaded with firebase deploy. If you
[info] have a build process for your assets, use your build's output directory.
[info] 
[info] +  Wrote public/404.html 
[debug] [2025-09-03T21:33:05.730Z] >>> [apiv2][query] GET https://www.gstatic.com/firebasejs/releases.json [none]
[debug] [2025-09-03T21:33:05.869Z] <<< [apiv2][status] GET https://www.gstatic.com/firebasejs/releases.json 200
[debug] [2025-09-03T21:33:05.869Z] <<< [apiv2][body] GET https://www.gstatic.com/firebasejs/releases.json {"current":{"version":"12.2.1","browserURL":"https://www.gstatic.com/firebasejs/12.2.1/firebase.js","packageURL":"https://www.gstatic.com/firebasejs/12.2.1/firebase.tgz"},"live":{"version":"12.2","browserURL":"https://www.gstatic.com/firebasejs/live/12.2/firebase.js","packageURL":"https://www.gstatic.com/firebasejs/live/12.2/firebase.tgz"},"components":{"ai":"https://www.gstatic.com/firebasejs/12.2.1/firebase-ai.js","analytics":"https://www.gstatic.com/firebasejs/12.2.1/firebase-analytics.js","app":"https://www.gstatic.com/firebasejs/12.2.1/firebase-app.js","app-check":"https://www.gstatic.com/firebasejs/12.2.1/firebase-app-check.js","auth":"https://www.gstatic.com/firebasejs/12.2.1/firebase-auth.js","auth/cordova":"https://www.gstatic.com/firebasejs/12.2.1/firebase-auth/cordova.js","auth/web-extension":"https://www.gstatic.com/firebasejs/12.2.1/firebase-auth/web-extension.js","functions":"https://www.gstatic.com/firebasejs/12.2.1/firebase-functions.js","firestore":"https://www.gstatic.com/firebasejs/12.2.1/firebase-firestore.js","firestore/lite":"https://www.gstatic.com/firebasejs/12.2.1/firebase-firestore/lite.js","installations":"https://www.gstatic.com/firebasejs/12.2.1/firebase-installations.js","storage":"https://www.gstatic.com/firebasejs/12.2.1/firebase-storage.js","performance":"https://www.gstatic.com/firebasejs/12.2.1/firebase-performance.js","remote-config":"https://www.gstatic.com/firebasejs/12.2.1/firebase-remote-config.js","messaging":"https://www.gstatic.com/firebasejs/12.2.1/firebase-messaging.js","messaging/sw":"https://www.gstatic.com/firebasejs/12.2.1/firebase-messaging/sw.js","database":"https://www.gstatic.com/firebasejs/12.2.1/firebase-database.js","data-connect":"https://www.gstatic.com/firebasejs/12.2.1/firebase-data-connect.js","firestore.memory":"https://www.gstatic.com/firebasejs/12.2.1/firebase-firestore.memory.js"}}
[info] +  Wrote public/index.html 
[info] 
[info] i  Didn't detect a .git folder. Assuming C:\Users\diego\Desktop\APLICACIONES\organizacion colegio is the project root. 
[info] i  Authorizing with GitHub to upload your service account to a GitHub repository's secrets store. 
[info] 
[info] Visit this URL on this device to log in:
[info] https://github.com/login/oauth/authorize?client_id=89cf50f02ac6aaed3484&state=264130143&redirect_uri=http%3A%2F%2Flocalhost%3A9005&scope=read%3Auser%20repo%20public_repo
[info] 
[info] Waiting for authentication...
[debug] [2025-09-03T21:34:09.158Z] >>> [apiv2][query] POST https://github.com/login/oauth/access_token [none]
[debug] [2025-09-03T21:34:09.159Z] >>> [apiv2][body] POST https://github.com/login/oauth/access_token [stream]
[debug] [2025-09-03T21:34:09.531Z] <<< [apiv2][status] POST https://github.com/login/oauth/access_token 200
[debug] [2025-09-03T21:34:09.531Z] <<< [apiv2][body] POST https://github.com/login/oauth/access_token {"access_token":"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","token_type":"bearer","scope":"read:user,repo"}
[debug] [2025-09-03T21:34:09.537Z] >>> [apiv2][query] GET https://api.github.com/user [none]
[debug] [2025-09-03T21:34:09.897Z] <<< [apiv2][status] GET https://api.github.com/user 200
[debug] [2025-09-03T21:34:09.897Z] <<< [apiv2][body] GET https://api.github.com/user {"login":"damp83","id":211195756,"node_id":"U_kgDODJaXbA","avatar_url":"https://avatars.githubusercontent.com/u/211195756?v=4","gravatar_id":"","url":"https://api.github.com/users/damp83","html_url":"https://github.com/damp83","followers_url":"https://api.github.com/users/damp83/followers","following_url":"https://api.github.com/users/damp83/following{/other_user}","gists_url":"https://api.github.com/users/damp83/gists{/gist_id}","starred_url":"https://api.github.com/users/damp83/starred{/owner}{/repo}","subscriptions_url":"https://api.github.com/users/damp83/subscriptions","organizations_url":"https://api.github.com/users/damp83/orgs","repos_url":"https://api.github.com/users/damp83/repos","events_url":"https://api.github.com/users/damp83/events{/privacy}","received_events_url":"https://api.github.com/users/damp83/received_events","type":"User","user_view_type":"private","site_admin":false,"name":null,"company":null,"blog":"","location":null,"email":null,"hireable":null,"bio":null,"twitter_username":null,"notification_email":null,"public_repos":5,"public_gists":0,"followers":0,"following":0,"created_at":"2025-05-11T07:44:18Z","updated_at":"2025-09-01T08:25:54Z","private_gists":0,"total_private_repos":1,"owned_private_repos":1,"disk_usage":10936,"collaborators":0,"two_factor_authentication":false,"plan":{"name":"free","space":976562499,"collaborators":0,"private_repos":10000}}
[info] 
[info] +  Success! Logged into GitHub as damp83 
[info] 
